<?xml version="1.0" encoding="UTF-8"?>
<!-- Generated by org.testng.reporters.JUnitReportReporter -->
<testsuite hostname="TTCE-5H5GMG3" failures="0" tests="2" name="tests.LoginTests" time="21.623" errors="0" timestamp="2023-01-23T20:23:54 IST" skipped="0">
  <testcase classname="tests.LoginTests" name="login" time="11.439"/>
  <system-out/>
  <testcase classname="tests.LoginTests" name="checklogotest" time="10.184"/>
  <system-out/>
</testsuite> <!-- tests.LoginTests -->
